

SYSTEM_START	-	DESKTOP-CGQU3VI	DESKTOP-CGQU3VI	2024-10-18 10:32:51


SYSTEM_INFO	CarMaker 13.1 - Car_Generic #4	jetbrains@fef55bd67061 2024-05-06 14:02:25	(13.1 jetbrains@fef55bd67061 2024-05-06 13:53:05)
SIM	1729215171	DESKTOP-CGQU3VI			0	0	0
SIM	1729215173	DESKTOP-CGQU3VI	User	unknown	0	71.137	926.877
SIM	1729215334	DESKTOP-CGQU3VI	User	day7_final	0	627.756	0.00168755
SIM	1729215494	DESKTOP-CGQU3VI	User	day7_final	1	5.296	43.9826
SIM	1729215743	DESKTOP-CGQU3VI	User	day7_final	0	258.157	0.000430485
SIM	1729217153	DESKTOP-CGQU3VI	User	day7_final	0	222.704	0.000342402
SIM	1729217284	DESKTOP-CGQU3VI	User	day7_final	2	0	0.000342402
SIM	1729217314	DESKTOP-CGQU3VI	User	day7_final	2	0	0
SIM	1729217405	DESKTOP-CGQU3VI	User	day1_scenario1	0	29.799	495.342
SIM	1729218055	DESKTOP-CGQU3VI	User	day1_scenario1	0	29.799	495.342
SIM	1729218062	DESKTOP-CGQU3VI	User	day1_scenario1	0	29.799	495.342
SIM	1729218154	DESKTOP-CGQU3VI	User	day1_scenario1	0	29.799	495.342
SIM	1729218165	DESKTOP-CGQU3VI	User	day1_scenario1	0	29.799	495.342
SIM	1729218423	DESKTOP-CGQU3VI	User	day1_scenario1	0	29.799	495.342
SIM	1729218546	DESKTOP-CGQU3VI	User	day1_scenario1	0	29.799	495.342
SIM	1729218575	DESKTOP-CGQU3VI	User	day1_scenario3	0	35.58	295.336
SIM	1729218593	DESKTOP-CGQU3VI	User	day1_scenario3	0	35.58	295.336
SIM	1729218604	DESKTOP-CGQU3VI	User	day1_scenario3	0	35.58	295.336
SIM	1729218621	DESKTOP-CGQU3VI	User	day1_scenario3	0	35.58	295.336
SIM	1729218722	DESKTOP-CGQU3VI	User	day1_scenario3	0	35.58	295.336
