

SYSTEM_START	-	DESKTOP-MECS4QE	DESKTOP-MECS4QE	2024-10-24 10:56:55


SYSTEM_INFO	CarMaker 13.1 - Car_Generic #5	jetbrains@fef55bd67061 2024-05-06 14:02:32	(13.1 jetbrains@fef55bd67061 2024-05-06 13:53:05)
SIM	1729735015	DESKTOP-MECS4QE	sy	day3_scenario1	1	4.309	36.6752


SYSTEM_START	-	DESKTOP-MECS4QE	DESKTOP-MECS4QE	2024-10-24 10:57:31


SYSTEM_INFO	CarMaker 13.1 - Car_Generic #5	jetbrains@fef55bd67061 2024-05-06 14:02:32	(13.1 jetbrains@fef55bd67061 2024-05-06 13:53:05)
SIM	1729735051	DESKTOP-MECS4QE	sy	day3_scenario1	1	4.309	36.6752


SYSTEM_START	-	DESKTOP-MECS4QE	DESKTOP-MECS4QE	2024-10-24 10:57:46


SYSTEM_INFO	CarMaker 13.1 - Car_Generic #5	jetbrains@fef55bd67061 2024-05-06 14:02:32	(13.1 jetbrains@fef55bd67061 2024-05-06 13:53:05)
SIM	1729735066	DESKTOP-MECS4QE	sy	day3_scenario1	1	4.309	36.6752


SYSTEM_START	-	DESKTOP-MECS4QE	DESKTOP-MECS4QE	2024-10-24 11:16:16


SYSTEM_INFO	CarMaker 13.1 - Car_Generic #5	jetbrains@fef55bd67061 2024-05-06 14:02:32	(13.1 jetbrains@fef55bd67061 2024-05-06 13:53:05)
SIM	1729736176	DESKTOP-MECS4QE	sy	day3_scenario1	1	4.309	36.6752


SYSTEM_START	-	DESKTOP-MECS4QE	DESKTOP-MECS4QE	2024-10-24 12:01:29


SYSTEM_INFO	CarMaker 13.1 - Car_Generic #5	jetbrains@fef55bd67061 2024-05-06 14:02:32	(13.1 jetbrains@fef55bd67061 2024-05-06 13:53:05)
SIM	1729738889	DESKTOP-MECS4QE	sy	day3_scenario1	1	4.309	36.6752


SYSTEM_START	-	DESKTOP-MECS4QE	DESKTOP-MECS4QE	2024-10-24 12:02:18


SYSTEM_INFO	CarMaker 13.1 - Car_Generic #5	jetbrains@fef55bd67061 2024-05-06 14:02:32	(13.1 jetbrains@fef55bd67061 2024-05-06 13:53:05)
SIM	1729738938	DESKTOP-MECS4QE	sy	day1_scenario1	0	10	165.272


SYSTEM_START	-	DESKTOP-MECS4QE	DESKTOP-MECS4QE	2024-10-24 12:05:06


SYSTEM_INFO	CarMaker 13.1 - Car_Generic #5	jetbrains@fef55bd67061 2024-05-06 14:02:32	(13.1 jetbrains@fef55bd67061 2024-05-06 13:53:05)
SIM	1729739106	DESKTOP-MECS4QE	sy	day1_scenario1	0	10	165.272


SYSTEM_START	-	DESKTOP-MECS4QE	DESKTOP-MECS4QE	2024-10-24 12:05:32


SYSTEM_INFO	CarMaker 13.1 - Car_Generic #5	jetbrains@fef55bd67061 2024-05-06 14:02:32	(13.1 jetbrains@fef55bd67061 2024-05-06 13:53:05)
SIM	1729739132	DESKTOP-MECS4QE	sy	day1_scenario1	0	10	165.272


SYSTEM_START	-	DESKTOP-MECS4QE	DESKTOP-MECS4QE	2024-10-24 12:09:44


SYSTEM_INFO	CarMaker 13.1 - Car_Generic #5	jetbrains@fef55bd67061 2024-05-06 14:02:32	(13.1 jetbrains@fef55bd67061 2024-05-06 13:53:05)
SIM	1729739384	DESKTOP-MECS4QE	sy	day3_scenario1	1	4.309	36.6752


SYSTEM_START	-	DESKTOP-MECS4QE	DESKTOP-MECS4QE	2024-10-24 12:12:07


SYSTEM_INFO	CarMaker 13.1 - Car_Generic #5	jetbrains@fef55bd67061 2024-05-06 14:02:32	(13.1 jetbrains@fef55bd67061 2024-05-06 13:53:05)
SIM	1729739527	DESKTOP-MECS4QE	sy	day3_scenario1	1	4.309	36.6752


SYSTEM_START	-	DESKTOP-MECS4QE	DESKTOP-MECS4QE	2024-10-24 12:20:24


SYSTEM_INFO	CarMaker 13.1 - Car_Generic #5	jetbrains@fef55bd67061 2024-05-06 14:02:32	(13.1 jetbrains@fef55bd67061 2024-05-06 13:53:05)
SIM	1729740024	DESKTOP-MECS4QE	sy	day3_scenario1	1	4.309	36.6752


SYSTEM_START	-	DESKTOP-MECS4QE	DESKTOP-MECS4QE	2024-10-24 12:24:59


SYSTEM_INFO	CarMaker 13.1 - Car_Generic #5	jetbrains@fef55bd67061 2024-05-06 14:02:32	(13.1 jetbrains@fef55bd67061 2024-05-06 13:53:05)
SIM	1729740299	DESKTOP-MECS4QE	sy	day3_scenario1	1	4.309	36.6752


SYSTEM_START	-	DESKTOP-MECS4QE	DESKTOP-MECS4QE	2024-10-24 12:25:39


SYSTEM_INFO	CarMaker 13.1 - Car_Generic #5	jetbrains@fef55bd67061 2024-05-06 14:02:32	(13.1 jetbrains@fef55bd67061 2024-05-06 13:53:05)
SIM	1729740339	DESKTOP-MECS4QE	sy	day3_scenario1	1	4.309	36.6752


SYSTEM_START	-	DESKTOP-MECS4QE	DESKTOP-MECS4QE	2024-10-24 12:25:53


SYSTEM_INFO	CarMaker 13.1 - Car_Generic #5	jetbrains@fef55bd67061 2024-05-06 14:02:32	(13.1 jetbrains@fef55bd67061 2024-05-06 13:53:05)
SIM	1729740353	DESKTOP-MECS4QE	sy	day3_scenario1	1	4.309	36.6752


SYSTEM_START	-	DESKTOP-MECS4QE	DESKTOP-MECS4QE	2024-10-24 12:26:38


SYSTEM_INFO	CarMaker 13.1 - Car_Generic #5	jetbrains@fef55bd67061 2024-05-06 14:02:32	(13.1 jetbrains@fef55bd67061 2024-05-06 13:53:05)
SIM	1729740398	DESKTOP-MECS4QE	sy	day3_scenario1	1	4.309	36.6752


SYSTEM_START	-	DESKTOP-MECS4QE	DESKTOP-MECS4QE	2024-10-24 12:27:27


SYSTEM_INFO	CarMaker 13.1 - Car_Generic #5	jetbrains@fef55bd67061 2024-05-06 14:02:32	(13.1 jetbrains@fef55bd67061 2024-05-06 13:53:05)
SIM	1729740447	DESKTOP-MECS4QE	sy	day3_scenario1	1	4.309	36.6752


SYSTEM_START	-	DESKTOP-MECS4QE	DESKTOP-MECS4QE	2024-10-24 12:27:56


SYSTEM_INFO	CarMaker 13.1 - Car_Generic #5	jetbrains@fef55bd67061 2024-05-06 14:02:32	(13.1 jetbrains@fef55bd67061 2024-05-06 13:53:05)
SIM	1729740476	DESKTOP-MECS4QE	sy	day3_scenario1	1	4.309	36.6752


SYSTEM_START	-	DESKTOP-MECS4QE	DESKTOP-MECS4QE	2024-10-24 14:05:10


SYSTEM_INFO	CarMaker 13.1 - Car_Generic #5	jetbrains@fef55bd67061 2024-05-06 14:02:32	(13.1 jetbrains@fef55bd67061 2024-05-06 13:53:05)
SIM	1729746311	DESKTOP-MECS4QE	sy	day3_scenario1	1	4.309	36.6752


SYSTEM_START	-	DESKTOP-MECS4QE	DESKTOP-MECS4QE	2024-10-24 14:05:42


SYSTEM_INFO	CarMaker 13.1 - Car_Generic #5	jetbrains@fef55bd67061 2024-05-06 14:02:32	(13.1 jetbrains@fef55bd67061 2024-05-06 13:53:05)
SIM	1729746342	DESKTOP-MECS4QE	sy	day3_scenario1	1	4.309	36.6752


SYSTEM_START	-	DESKTOP-MECS4QE	DESKTOP-MECS4QE	2024-10-24 14:05:55


SYSTEM_INFO	CarMaker 13.1 - Car_Generic #5	jetbrains@fef55bd67061 2024-05-06 14:02:32	(13.1 jetbrains@fef55bd67061 2024-05-06 13:53:05)
SIM	1729746355	DESKTOP-MECS4QE	sy	day3_scenario1	1	4.309	36.6752


SYSTEM_START	-	DESKTOP-MECS4QE	DESKTOP-MECS4QE	2024-10-24 14:06:07


SYSTEM_INFO	CarMaker 13.1 - Car_Generic #5	jetbrains@fef55bd67061 2024-05-06 14:02:32	(13.1 jetbrains@fef55bd67061 2024-05-06 13:53:05)
SIM	1729746367	DESKTOP-MECS4QE	sy	day3_scenario1	1	4.309	36.6752


SYSTEM_START	-	DESKTOP-MECS4QE	DESKTOP-MECS4QE	2024-10-24 14:21:41


SYSTEM_INFO	CarMaker 13.1 - Car_Generic #5	jetbrains@fef55bd67061 2024-05-06 14:02:32	(13.1 jetbrains@fef55bd67061 2024-05-06 13:53:05)
SIM	1729747301	DESKTOP-MECS4QE	sy	day3_scenario1	1	4.309	36.6752


SYSTEM_START	-	DESKTOP-MECS4QE	DESKTOP-MECS4QE	2024-10-24 14:21:55


SYSTEM_INFO	CarMaker 13.1 - Car_Generic #5	jetbrains@fef55bd67061 2024-05-06 14:02:32	(13.1 jetbrains@fef55bd67061 2024-05-06 13:53:05)
SIM	1729747315	DESKTOP-MECS4QE	sy	day3_scenario1	1	4.309	36.6752


SYSTEM_START	-	DESKTOP-MECS4QE	DESKTOP-MECS4QE	2024-10-24 14:22:24


SYSTEM_INFO	CarMaker 13.1 - Car_Generic #5	jetbrains@fef55bd67061 2024-05-06 14:02:32	(13.1 jetbrains@fef55bd67061 2024-05-06 13:53:05)
SIM	1729747344	DESKTOP-MECS4QE	sy	day3_scenario1	1	4.309	36.6752


SYSTEM_START	-	DESKTOP-MECS4QE	DESKTOP-MECS4QE	2024-10-24 14:23:51


SYSTEM_INFO	CarMaker 13.1 - Car_Generic #5	jetbrains@fef55bd67061 2024-05-06 14:02:32	(13.1 jetbrains@fef55bd67061 2024-05-06 13:53:05)
SIM	1729747431	DESKTOP-MECS4QE	sy	day3_scenario1	1	4.309	36.6752


SYSTEM_START	-	DESKTOP-MECS4QE	DESKTOP-MECS4QE	2024-10-24 14:25:06


SYSTEM_INFO	CarMaker 13.1 - Car_Generic #5	jetbrains@fef55bd67061 2024-05-06 14:02:32	(13.1 jetbrains@fef55bd67061 2024-05-06 13:53:05)
SIM	1729747506	DESKTOP-MECS4QE	sy	day3_scenario1	1	4.309	36.6752


SYSTEM_START	-	DESKTOP-MECS4QE	DESKTOP-MECS4QE	2024-10-24 14:25:38


SYSTEM_INFO	CarMaker 13.1 - Car_Generic #5	jetbrains@fef55bd67061 2024-05-06 14:02:32	(13.1 jetbrains@fef55bd67061 2024-05-06 13:53:05)
SIM	1729747539	DESKTOP-MECS4QE	sy	day3_scenario1	1	4.309	36.6752


SYSTEM_START	-	DESKTOP-MECS4QE	DESKTOP-MECS4QE	2024-10-24 14:26:04


SYSTEM_INFO	CarMaker 13.1 - Car_Generic #5	jetbrains@fef55bd67061 2024-05-06 14:02:32	(13.1 jetbrains@fef55bd67061 2024-05-06 13:53:05)
SIM	1729747564	DESKTOP-MECS4QE	sy	day3_scenario1	1	4.309	36.6752


SYSTEM_START	-	DESKTOP-MECS4QE	DESKTOP-MECS4QE	2024-10-24 14:44:48


SYSTEM_INFO	CarMaker 13.1 - Car_Generic #5	jetbrains@fef55bd67061 2024-05-06 14:02:32	(13.1 jetbrains@fef55bd67061 2024-05-06 13:53:05)
SIM	1729748688	DESKTOP-MECS4QE	sy	day3_scenario1	1	4.309	36.6752


SYSTEM_START	-	DESKTOP-MECS4QE	DESKTOP-MECS4QE	2024-10-24 14:45:01


SYSTEM_INFO	CarMaker 13.1 - Car_Generic #5	jetbrains@fef55bd67061 2024-05-06 14:02:32	(13.1 jetbrains@fef55bd67061 2024-05-06 13:53:05)
SIM	1729748701	DESKTOP-MECS4QE	sy	day7_final	0	10	6.826e-06


SYSTEM_START	-	DESKTOP-MECS4QE	DESKTOP-MECS4QE	2024-10-24 14:45:20


SYSTEM_INFO	CarMaker 13.1 - Car_Generic #5	jetbrains@fef55bd67061 2024-05-06 14:02:32	(13.1 jetbrains@fef55bd67061 2024-05-06 13:53:05)
SIM	1729748721	DESKTOP-MECS4QE	sy	day7_final	0	10	6.826e-06


SYSTEM_START	-	DESKTOP-MECS4QE	DESKTOP-MECS4QE	2024-10-24 14:49:49


SYSTEM_INFO	CarMaker 13.1 - Car_Generic #5	jetbrains@fef55bd67061 2024-05-06 14:02:32	(13.1 jetbrains@fef55bd67061 2024-05-06 13:53:05)
SIM	1729748989	DESKTOP-MECS4QE	sy	day7_final	0	10	6.826e-06


SYSTEM_START	-	DESKTOP-MECS4QE	DESKTOP-MECS4QE	2024-10-24 16:12:19


SYSTEM_INFO	CarMaker 13.1 - Car_Generic #5	jetbrains@fef55bd67061 2024-05-06 14:02:32	(13.1 jetbrains@fef55bd67061 2024-05-06 13:53:05)
SIM	1729753940	DESKTOP-MECS4QE	sy	day3_scenario1	1	4.309	36.6752


SYSTEM_START	-	DESKTOP-MECS4QE	DESKTOP-MECS4QE	2024-10-24 16:16:01


SYSTEM_INFO	CarMaker 13.1 - Car_Generic #5	jetbrains@fef55bd67061 2024-05-06 14:02:32	(13.1 jetbrains@fef55bd67061 2024-05-06 13:53:05)
SIM	1729754162	DESKTOP-MECS4QE	sy	day3_scenario1	1	4.309	36.6752


SYSTEM_START	-	DESKTOP-MECS4QE	DESKTOP-MECS4QE	2024-10-24 16:16:19


SYSTEM_INFO	CarMaker 13.1 - Car_Generic #5	jetbrains@fef55bd67061 2024-05-06 14:02:32	(13.1 jetbrains@fef55bd67061 2024-05-06 13:53:05)
SIM	1729754180	DESKTOP-MECS4QE	sy	day3_scenario1	1	4.309	36.6752


SYSTEM_START	-	DESKTOP-MECS4QE	DESKTOP-MECS4QE	2024-10-24 16:16:55


SYSTEM_INFO	CarMaker 13.1 - Car_Generic #5	jetbrains@fef55bd67061 2024-05-06 14:02:32	(13.1 jetbrains@fef55bd67061 2024-05-06 13:53:05)
SIM	1729754215	DESKTOP-MECS4QE	sy	day7_final	0	10	6.826e-06


SYSTEM_START	-	DESKTOP-MECS4QE	DESKTOP-MECS4QE	2024-10-24 16:17:20


SYSTEM_INFO	CarMaker 13.1 - Car_Generic #5	jetbrains@fef55bd67061 2024-05-06 14:02:32	(13.1 jetbrains@fef55bd67061 2024-05-06 13:53:05)
SIM	1729754240	DESKTOP-MECS4QE	sy	day6_scenario1	0	10	6.826e-06


SYSTEM_START	-	DESKTOP-MECS4QE	DESKTOP-MECS4QE	2024-10-24 16:17:45


SYSTEM_INFO	CarMaker 13.1 - Car_Generic #5	jetbrains@fef55bd67061 2024-05-06 14:02:32	(13.1 jetbrains@fef55bd67061 2024-05-06 13:53:05)
SIM	1729754265	DESKTOP-MECS4QE	sy	day4_5_scenario1	0	10	6.826e-06


SYSTEM_START	-	DESKTOP-MECS4QE	DESKTOP-MECS4QE	2024-10-24 16:18:04


SYSTEM_INFO	CarMaker 13.1 - Car_Generic #5	jetbrains@fef55bd67061 2024-05-06 14:02:32	(13.1 jetbrains@fef55bd67061 2024-05-06 13:53:05)
SIM	1729754284	DESKTOP-MECS4QE	sy	day3_scenario2	0	10	48.7842


SYSTEM_START	-	DESKTOP-MECS4QE	DESKTOP-MECS4QE	2024-10-24 16:18:25


SYSTEM_INFO	CarMaker 13.1 - Car_Generic #5	jetbrains@fef55bd67061 2024-05-06 14:02:32	(13.1 jetbrains@fef55bd67061 2024-05-06 13:53:05)
SIM	1729754305	DESKTOP-MECS4QE	sy	day2_scenario5	1	2.687	36.6875


SYSTEM_START	-	DESKTOP-MECS4QE	DESKTOP-MECS4QE	2024-10-24 16:25:06


SYSTEM_INFO	CarMaker 13.1 - Car_Generic #5	jetbrains@fef55bd67061 2024-05-06 14:02:32	(13.1 jetbrains@fef55bd67061 2024-05-06 13:53:05)
SIM	1729754706	DESKTOP-MECS4QE	sy	day2_scenario5	1	2.687	36.6875


SYSTEM_START	-	DESKTOP-MECS4QE	DESKTOP-MECS4QE	2024-10-24 16:28:00


SYSTEM_INFO	CarMaker 13.1 - Car_Generic #5	jetbrains@fef55bd67061 2024-05-06 14:02:32	(13.1 jetbrains@fef55bd67061 2024-05-06 13:53:05)
SIM	1729754880	DESKTOP-MECS4QE	sy	day2_scenario5	1	2.687	36.6875


SYSTEM_START	-	DESKTOP-MECS4QE	DESKTOP-MECS4QE	2024-10-24 16:29:22


SYSTEM_INFO	CarMaker 13.1 - Car_Generic #5	jetbrains@fef55bd67061 2024-05-06 14:02:32	(13.1 jetbrains@fef55bd67061 2024-05-06 13:53:05)
SIM	1729754962	DESKTOP-MECS4QE	sy	day2_scenario5	1	2.687	36.6875


SYSTEM_START	-	DESKTOP-MECS4QE	DESKTOP-MECS4QE	2024-10-24 16:29:32


SYSTEM_INFO	CarMaker 13.1 - Car_Generic #5	jetbrains@fef55bd67061 2024-05-06 14:02:32	(13.1 jetbrains@fef55bd67061 2024-05-06 13:53:05)
SIM	1729754972	DESKTOP-MECS4QE	sy	day2_scenario5	1	2.687	36.6875


SYSTEM_START	-	DESKTOP-MECS4QE	DESKTOP-MECS4QE	2024-10-24 16:30:27


SYSTEM_INFO	CarMaker 13.1 - Car_Generic #5	jetbrains@fef55bd67061 2024-05-06 14:02:32	(13.1 jetbrains@fef55bd67061 2024-05-06 13:53:05)
SIM	1729755027	DESKTOP-MECS4QE	sy	day2_scenario5	1	2.687	36.6875


SYSTEM_START	-	DESKTOP-MECS4QE	DESKTOP-MECS4QE	2024-10-24 16:30:55


SYSTEM_INFO	CarMaker 13.1 - Car_Generic #5	jetbrains@fef55bd67061 2024-05-06 14:02:32	(13.1 jetbrains@fef55bd67061 2024-05-06 13:53:05)
SIM	1729755056	DESKTOP-MECS4QE	sy	day2_scenario5	1	2.687	36.6875


SYSTEM_START	-	DESKTOP-MECS4QE	DESKTOP-MECS4QE	2024-10-24 16:32:41


SYSTEM_INFO	CarMaker 13.1 - Car_Generic #5	jetbrains@fef55bd67061 2024-05-06 14:02:32	(13.1 jetbrains@fef55bd67061 2024-05-06 13:53:05)
SIM	1729755161	DESKTOP-MECS4QE	sy	day2_scenario5	1	2.687	36.6875


SYSTEM_START	-	DESKTOP-MECS4QE	DESKTOP-MECS4QE	2024-10-24 16:34:19


SYSTEM_INFO	CarMaker 13.1 - Car_Generic #5	jetbrains@fef55bd67061 2024-05-06 14:02:32	(13.1 jetbrains@fef55bd67061 2024-05-06 13:53:05)
SIM	1729755260	DESKTOP-MECS4QE	sy	day2_scenario5	1	2.687	36.6875


SYSTEM_START	-	DESKTOP-MECS4QE	DESKTOP-MECS4QE	2024-10-24 16:41:04


SYSTEM_INFO	CarMaker 13.1 - Car_Generic #5	jetbrains@fef55bd67061 2024-05-06 14:02:32	(13.1 jetbrains@fef55bd67061 2024-05-06 13:53:05)
SIM	1729755664	DESKTOP-MECS4QE	sy	day2_scenario5	1	2.687	36.6875


SYSTEM_START	-	DESKTOP-MECS4QE	DESKTOP-MECS4QE	2024-10-24 16:41:17


SYSTEM_INFO	CarMaker 13.1 - Car_Generic #5	jetbrains@fef55bd67061 2024-05-06 14:02:32	(13.1 jetbrains@fef55bd67061 2024-05-06 13:53:05)
SIM	1729755677	DESKTOP-MECS4QE	sy	day2_scenario5	1	2.687	36.6875


SYSTEM_START	-	DESKTOP-MECS4QE	DESKTOP-MECS4QE	2024-10-24 17:24:52


SYSTEM_INFO	CarMaker 13.1 - Car_Generic #5	jetbrains@fef55bd67061 2024-05-06 14:02:32	(13.1 jetbrains@fef55bd67061 2024-05-06 13:53:05)
SIM	1729758292	DESKTOP-MECS4QE	sy	day3_scenario1	1	4.309	36.6752


SYSTEM_START	-	DESKTOP-MECS4QE	DESKTOP-MECS4QE	2024-10-24 17:25:08


SYSTEM_INFO	CarMaker 13.1 - Car_Generic #5	jetbrains@fef55bd67061 2024-05-06 14:02:32	(13.1 jetbrains@fef55bd67061 2024-05-06 13:53:05)
SIM	1729758308	DESKTOP-MECS4QE	sy	day3_scenario1	1	4.309	36.6752


SYSTEM_START	-	DESKTOP-MECS4QE	DESKTOP-MECS4QE	2024-10-24 17:26:04


SYSTEM_INFO	CarMaker 13.1 - Car_Generic #5	jetbrains@fef55bd67061 2024-05-06 14:02:32	(13.1 jetbrains@fef55bd67061 2024-05-06 13:53:05)
SIM	1729758364	DESKTOP-MECS4QE	sy	day3_scenario1	0	1.482	3.12882


SYSTEM_START	-	DESKTOP-MECS4QE	DESKTOP-MECS4QE	2024-10-24 17:26:54


SYSTEM_INFO	CarMaker 13.1 - Car_Generic #5	jetbrains@fef55bd67061 2024-05-06 14:02:32	(13.1 jetbrains@fef55bd67061 2024-05-06 13:53:05)
SIM	1729758415	DESKTOP-MECS4QE	sy	day3_scenario1	0	1.482	3.12882


SYSTEM_START	-	DESKTOP-MECS4QE	DESKTOP-MECS4QE	2024-10-24 17:28:59


SYSTEM_INFO	CarMaker 13.1 - Car_Generic #5	jetbrains@fef55bd67061 2024-05-06 14:02:32	(13.1 jetbrains@fef55bd67061 2024-05-06 13:53:05)
SIM	1729758539	DESKTOP-MECS4QE	sy	day3_scenario1	0	1.482	3.12882


SYSTEM_START	-	DESKTOP-MECS4QE	DESKTOP-MECS4QE	2024-10-24 17:29:59


SYSTEM_INFO	CarMaker 13.1 - Car_Generic #5	jetbrains@fef55bd67061 2024-05-06 14:02:32	(13.1 jetbrains@fef55bd67061 2024-05-06 13:53:05)
SIM	1729758599	DESKTOP-MECS4QE	sy	day3_scenario1	0	1.482	3.12882


SYSTEM_START	-	DESKTOP-MECS4QE	DESKTOP-MECS4QE	2024-10-24 17:31:59


SYSTEM_INFO	CarMaker 13.1 - Car_Generic #5	jetbrains@fef55bd67061 2024-05-06 14:02:32	(13.1 jetbrains@fef55bd67061 2024-05-06 13:53:05)
SIM	1729758719	DESKTOP-MECS4QE	sy	day3_scenario1	0	1.482	3.12882


SYSTEM_START	-	DESKTOP-MECS4QE	DESKTOP-MECS4QE	2024-10-24 17:33:21


SYSTEM_INFO	CarMaker 13.1 - Car_Generic #5	jetbrains@fef55bd67061 2024-05-06 14:02:32	(13.1 jetbrains@fef55bd67061 2024-05-06 13:53:05)
SIM	1729758801	DESKTOP-MECS4QE	sy	day3_scenario1	0	1.482	3.12882


SYSTEM_START	-	DESKTOP-MECS4QE	DESKTOP-MECS4QE	2024-10-24 17:35:36


SYSTEM_INFO	CarMaker 13.1 - Car_Generic #5	jetbrains@fef55bd67061 2024-05-06 14:02:32	(13.1 jetbrains@fef55bd67061 2024-05-06 13:53:05)
SIM	1729758936	DESKTOP-MECS4QE	sy	day3_scenario1	0	1.482	3.12882


SYSTEM_START	-	DESKTOP-MECS4QE	DESKTOP-MECS4QE	2024-10-24 17:36:17


SYSTEM_INFO	CarMaker 13.1 - Car_Generic #5	jetbrains@fef55bd67061 2024-05-06 14:02:32	(13.1 jetbrains@fef55bd67061 2024-05-06 13:53:05)
SIM	1729758977	DESKTOP-MECS4QE	sy	day3_scenario1	0	1.482	3.12882


SYSTEM_START	-	DESKTOP-MECS4QE	DESKTOP-MECS4QE	2024-10-24 17:40:23


SYSTEM_INFO	CarMaker 13.1 - Car_Generic #5	jetbrains@fef55bd67061 2024-05-06 14:02:32	(13.1 jetbrains@fef55bd67061 2024-05-06 13:53:05)
SIM	1729759223	DESKTOP-MECS4QE	sy	day3_scenario1	1	4.309	36.6752


SYSTEM_START	-	DESKTOP-MECS4QE	DESKTOP-MECS4QE	2024-10-24 17:41:15


SYSTEM_INFO	CarMaker 13.1 - Car_Generic #5	jetbrains@fef55bd67061 2024-05-06 14:02:32	(13.1 jetbrains@fef55bd67061 2024-05-06 13:53:05)
SIM	1729759275	DESKTOP-MECS4QE	sy	day3_scenario1	1	4.309	36.6752


SYSTEM_START	-	DESKTOP-MECS4QE	DESKTOP-MECS4QE	2024-10-24 17:48:09


SYSTEM_INFO	CarMaker 13.1 - Car_Generic #5	jetbrains@fef55bd67061 2024-05-06 14:02:32	(13.1 jetbrains@fef55bd67061 2024-05-06 13:53:05)
SIM	1729759689	DESKTOP-MECS4QE	sy	day3_scenario1	1	4.309	36.6752


SYSTEM_START	-	DESKTOP-MECS4QE	DESKTOP-MECS4QE	2024-10-24 17:55:55


SYSTEM_INFO	CarMaker 13.1 - Car_Generic #5	jetbrains@fef55bd67061 2024-05-06 14:02:32	(13.1 jetbrains@fef55bd67061 2024-05-06 13:53:05)
SIM	1729760155	DESKTOP-MECS4QE	sy	day3_scenario1	0	0.98	0.970707


SYSTEM_START	-	DESKTOP-MECS4QE	DESKTOP-MECS4QE	2024-10-24 17:56:39


SYSTEM_INFO	CarMaker 13.1 - Car_Generic #5	jetbrains@fef55bd67061 2024-05-06 14:02:32	(13.1 jetbrains@fef55bd67061 2024-05-06 13:53:05)
SIM	1729760199	DESKTOP-MECS4QE	sy	day3_scenario1	0	0.673	0.314318


SYSTEM_START	-	DESKTOP-MECS4QE	DESKTOP-MECS4QE	2024-10-24 18:09:54


SYSTEM_INFO	CarMaker 13.1 - Car_Generic #5	jetbrains@fef55bd67061 2024-05-06 14:02:32	(13.1 jetbrains@fef55bd67061 2024-05-06 13:53:05)
SIM	1729760994	DESKTOP-MECS4QE	sy	day3_scenario1	0	0.864	0.668622


SYSTEM_START	-	DESKTOP-MECS4QE	DESKTOP-MECS4QE	2024-10-24 18:13:55


SYSTEM_INFO	CarMaker 13.1 - Car_Generic #5	jetbrains@fef55bd67061 2024-05-06 14:02:32	(13.1 jetbrains@fef55bd67061 2024-05-06 13:53:05)
SIM	1729761235	DESKTOP-MECS4QE	sy	day3_scenario1	0	0.658	0.293335


SYSTEM_START	-	DESKTOP-MECS4QE	DESKTOP-MECS4QE	2024-10-24 18:15:54


SYSTEM_INFO	CarMaker 13.1 - Car_Generic #5	jetbrains@fef55bd67061 2024-05-06 14:02:32	(13.1 jetbrains@fef55bd67061 2024-05-06 13:53:05)
SIM	1729761354	DESKTOP-MECS4QE	sy	day3_scenario1	0	0.697	0.349843
