

SYSTEM_START	-	DESKTOP-AGMDB8M	DESKTOP-AGMDB8M	2024-10-24 16:36:15


SYSTEM_INFO	CarMaker 13.1 - Car_Generic #5	jetbrains@fef55bd67061 2024-05-06 14:02:32	(13.1 jetbrains@fef55bd67061 2024-05-06 13:53:05)
SIM	1729755375	DESKTOP-AGMDB8M	USER	day7_final	0	10	49.3768


SYSTEM_START	-	DESKTOP-AGMDB8M	DESKTOP-AGMDB8M	2024-10-24 16:36:28


SYSTEM_INFO	CarMaker 13.1 - Car_Generic #5	jetbrains@fef55bd67061 2024-05-06 14:02:32	(13.1 jetbrains@fef55bd67061 2024-05-06 13:53:05)
SIM	1729755389	DESKTOP-AGMDB8M	USER	day7_final	0	10	49.3768


SYSTEM_START	-	DESKTOP-AGMDB8M	DESKTOP-AGMDB8M	2024-10-24 16:36:44


SYSTEM_INFO	CarMaker 13.1 - Car_Generic #5	jetbrains@fef55bd67061 2024-05-06 14:02:32	(13.1 jetbrains@fef55bd67061 2024-05-06 13:53:05)
SIM	1729755405	DESKTOP-AGMDB8M	USER	day7_final	0	268.85	4090.99


SYSTEM_START	-	DESKTOP-AGMDB8M	DESKTOP-AGMDB8M	2024-10-24 16:38:34


SYSTEM_INFO	CarMaker 13.1 - Car_Generic #5	jetbrains@fef55bd67061 2024-05-06 14:02:32	(13.1 jetbrains@fef55bd67061 2024-05-06 13:53:05)
SIM	1729755514	DESKTOP-AGMDB8M	USER	day7_final	0	4948.1	86568.5


SYSTEM_START	-	DESKTOP-AGMDB8M	DESKTOP-AGMDB8M	2024-10-24 17:08:54


SYSTEM_INFO	CarMaker 13.1 - Car_Generic #5	jetbrains@fef55bd67061 2024-05-06 14:02:32	(13.1 jetbrains@fef55bd67061 2024-05-06 13:53:05)
SIM	1729757334	DESKTOP-AGMDB8M	USER	day7_final	0	384.25	6082.67


SYSTEM_START	-	DESKTOP-AGMDB8M	DESKTOP-AGMDB8M	2024-10-24 17:40:50


SYSTEM_INFO	CarMaker 13.1 - Car_Generic #5	jetbrains@fef55bd67061 2024-05-06 14:02:32	(13.1 jetbrains@fef55bd67061 2024-05-06 13:53:05)
SIM	1729759250	DESKTOP-AGMDB8M	USER	day7_final	0	71.901	911.841


SYSTEM_START	-	DESKTOP-AGMDB8M	DESKTOP-AGMDB8M	2024-10-24 17:42:57


SYSTEM_INFO	CarMaker 13.1 - Car_Generic #5	jetbrains@fef55bd67061 2024-05-06 14:02:32	(13.1 jetbrains@fef55bd67061 2024-05-06 13:53:05)
SIM	1729759377	DESKTOP-AGMDB8M	USER	day7_final	0	65.051	812.217


SYSTEM_START	-	DESKTOP-AGMDB8M	DESKTOP-AGMDB8M	2024-10-24 17:54:27


SYSTEM_INFO	CarMaker 13.1 - Car_Generic #5	jetbrains@fef55bd67061 2024-05-06 14:02:32	(13.1 jetbrains@fef55bd67061 2024-05-06 13:53:05)
SIM	1729760067	DESKTOP-AGMDB8M	USER	day7_final	0	38.45	435.76


SYSTEM_START	-	DESKTOP-AGMDB8M	DESKTOP-AGMDB8M	2024-10-24 17:57:18


SYSTEM_INFO	CarMaker 13.1 - Car_Generic #5	jetbrains@fef55bd67061 2024-05-06 14:02:32	(13.1 jetbrains@fef55bd67061 2024-05-06 13:53:05)
SIM	1729760238	DESKTOP-AGMDB8M	USER	day7_final	0	0	0


SYSTEM_START	-	DESKTOP-AGMDB8M	DESKTOP-AGMDB8M	2024-10-24 17:59:07


SYSTEM_INFO	CarMaker 13.1 - Car_Generic #5	jetbrains@fef55bd67061 2024-05-06 14:02:32	(13.1 jetbrains@fef55bd67061 2024-05-06 13:53:05)
SIM	1729760347	DESKTOP-AGMDB8M	USER	day7_final	0	104.65	1401.38


SYSTEM_START	-	DESKTOP-AGMDB8M	DESKTOP-AGMDB8M	2024-10-24 18:00:45


SYSTEM_INFO	CarMaker 13.1 - Car_Generic #5	jetbrains@fef55bd67061 2024-05-06 14:02:32	(13.1 jetbrains@fef55bd67061 2024-05-06 13:53:05)
SIM	1729760445	DESKTOP-AGMDB8M	USER	day7_final	0	2.85	3.49112


SYSTEM_START	-	DESKTOP-AGMDB8M	DESKTOP-AGMDB8M	2024-10-24 18:01:04


SYSTEM_INFO	CarMaker 13.1 - Car_Generic #5	jetbrains@fef55bd67061 2024-05-06 14:02:32	(13.1 jetbrains@fef55bd67061 2024-05-06 13:53:05)
SIM	1729760464	DESKTOP-AGMDB8M	USER	day7_final	0	86.661	1128.67


SYSTEM_START	-	DESKTOP-AGMDB8M	DESKTOP-AGMDB8M	2024-10-24 18:01:44


SYSTEM_INFO	CarMaker 13.1 - Car_Generic #5	jetbrains@fef55bd67061 2024-05-06 14:02:32	(13.1 jetbrains@fef55bd67061 2024-05-06 13:53:05)
SIM	1729760504	DESKTOP-AGMDB8M	USER	day7_final	0	452	7227.27


SYSTEM_START	-	DESKTOP-AGMDB8M	DESKTOP-AGMDB8M	2024-10-24 18:02:44


SYSTEM_INFO	CarMaker 13.1 - Car_Generic #5	jetbrains@fef55bd67061 2024-05-06 14:02:32	(13.1 jetbrains@fef55bd67061 2024-05-06 13:53:05)
SIM	1729760564	DESKTOP-AGMDB8M	USER	day7_final	0	6762.4	117721


SYSTEM_START	-	DESKTOP-AGMDB8M	DESKTOP-AGMDB8M	2024-10-24 18:41:42


SYSTEM_INFO	CarMaker 13.1 - Car_Generic #5	jetbrains@fef55bd67061 2024-05-06 14:02:32	(13.1 jetbrains@fef55bd67061 2024-05-06 13:53:05)
SIM	1729762902	DESKTOP-AGMDB8M	USER	day7_final	0	214.65	3190.27


SYSTEM_START	-	DESKTOP-AGMDB8M	DESKTOP-AGMDB8M	2024-10-24 18:42:52


SYSTEM_INFO	CarMaker 13.1 - Car_Generic #5	jetbrains@fef55bd67061 2024-05-06 14:02:32	(13.1 jetbrains@fef55bd67061 2024-05-06 13:53:05)
SIM	1729762972	DESKTOP-AGMDB8M	USER	day7_final	0	167.368	2406.51


SYSTEM_START	-	DESKTOP-AGMDB8M	DESKTOP-AGMDB8M	2024-10-24 18:43:20


SYSTEM_INFO	CarMaker 13.1 - Car_Generic #5	jetbrains@fef55bd67061 2024-05-06 14:02:32	(13.1 jetbrains@fef55bd67061 2024-05-06 13:53:05)
SIM	1729763000	DESKTOP-AGMDB8M	USER	day7_final	0	330.2	5133.86
