

SYSTEM_START	-	desktop-cgqu3vi	금 10 18 11:09:34 2024


SYSTEM_INFO	Movie NX pro 13.1.0 2024-05-06
APO: Successfully connected to: CarMaker 13.1 - Car_Generic @ DESKTOP-CGQU3VI(127.0.0.1):10460
Using RenderSettingsProfile: RenderSettings_high.cfg -> template_high.render
Loading Installed scripts...
Loading User scripts...
ApoConnection: Disconnecting...
Loading Test Run from path C:/ADAS/ADAS_Motion_Planning/Practice_sample/Data/TestRun/.tmp_preview
[Warning] Invalid configuration file for Creator "MovieNX". Perhaps the file was not yet created? Path: C:/ADAS/ADAS_Motion_Planning/Practice_sample/MovieNX/data/Camera/Camera.cfg)
APO: Successfully connected to: CarMaker 13.1 - Car_Generic @ DESKTOP-CGQU3VI(192.168.201.98):10460
Loading Test Run from path C:/ADAS/ADAS_Motion_Planning/Practice_sample/Data/TestRun/.tmp_DESKTOP-CGQU3VI_User.1
[ERROR] reported by external module TrafficUtils: Traffic object 0: Start position is outside of road
        
[ERROR] reported by external module TrafficUtils: Can't get start position of traffic object 0
        
[ERROR] initialization of start positions failed...
Loading Test Run from path C:/ADAS/ADAS_Motion_Planning/Practice_sample/Data/TestRun/day1_scenario1
[Warning] The coloration mode of the active view is not compatible with a coloration mode of other views.
[Warning] The coloration mode of the active view is not compatible with a coloration mode of other views.
[Warning] The coloration mode of the active view is not compatible with a coloration mode of other views.
[Warning] The coloration mode of the active view is not compatible with a coloration mode of other views.
[Warning] The coloration mode of the active view is not compatible with a coloration mode of other views.
[Warning] The coloration mode of the active view is not compatible with a coloration mode of other views.
[Warning] The coloration mode of the active view is not compatible with a coloration mode of other views.
ApoConnection: Disconnecting...
